# JRE version: OpenJDK Runtime Environment Temurin-21.0.8+9 (21.0.8+9) (build 21.0.8+9-LTS)
# Java VM: OpenJDK 64-Bit Server VM Temurin-21.0.8+9 (21.0.8+9-LTS, mixed mode, sharing, tiered, compressed oops, compressed class ptrs, parallel gc, windows-amd64)
GC Precious Log:
 CardTable entry size: 512
 CPUs: 8 total, 8 available
 Memory: 7859M
 Large Page Support: Disabled
 NUMA Support: Disabled
 Compressed Oops: Enabled (32-bit)
 Alignments: Space 512K, Generation 512K, Heap 2M
 Heap Min Capacity: 100M
 Heap Initial Capacity: 100M
 Heap Max Capacity: 2G
 Pre-touch: Disabled
 Parallel Workers: 8
Heap:
 PSYoungGen      total 35840K, used 33185K [0x00000000d5580000, 0x00000000d8580000, 0x0000000100000000)
  eden space 35328K, 92% used [0x00000000d5580000,0x00000000d7578620,0x00000000d7800000)
  from space 512K, 87% used [0x00000000d8500000,0x00000000d8570000,0x00000000d8580000)
  to   space 2560K, 0% used [0x00000000d8080000,0x00000000d8080000,0x00000000d8300000)
 ParOldGen       total 1168384K, used 780089K [0x0000000080000000, 0x00000000c7500000, 0x00000000d5580000)
  object space 1168384K, 66% used [0x0000000080000000,0x00000000af9ce720,0x00000000c7500000)
 Metaspace       used 78790K, committed 80192K, reserved 1179648K
  class space    used 7789K, committed 8448K, reserved 1048576K
GC Heap History (20 events):
Event: 8944.706 GC heap before
{Heap before GC invocations=2084 (full 5):
 PSYoungGen      total 28672K, used 28384K [0x00000000d5580000, 0x00000000d7d00000, 0x0000000100000000)
  eden space 23552K, 100% used [0x00000000d5580000,0x00000000d6c80000,0x00000000d6c80000)
  from space 5120K, 94% used [0x00000000d7800000,0x00000000d7cb8070,0x00000000d7d00000)
  to   space 7680K, 0% used [0x00000000d6e00000,0x00000000d6e00000,0x00000000d7580000)
 ParOldGen       total 1168384K, used 724639K [0x0000000080000000, 0x00000000c7500000, 0x00000000d5580000)
  object space 1168384K, 62% used [0x0000000080000000,0x00000000ac3a7e88,0x00000000c7500000)
 Metaspace       used 78529K, committed 79936K, reserved 1179648K
  class space    used 7773K, committed 8448K, reserved 1048576K
}
Event: 8944.733 GC heap after
{Heap after GC invocations=2084 (full 5):
 PSYoungGen      total 32768K, used 7662K [0x00000000d5580000, 0x00000000d9180000, 0x0000000100000000)
  eden space 25088K, 0% used [0x00000000d5580000,0x00000000d5580000,0x00000000d6e00000)
  from space 7680K, 99% used [0x00000000d6e00000,0x00000000d757bb20,0x00000000d7580000)
  to   space 16384K, 0% used [0x00000000d8180000,0x00000000d8180000,0x00000000d9180000)
 ParOldGen       total 1168384K, used 731453K [0x0000000080000000, 0x00000000c7500000, 0x00000000d5580000)
  object space 1168384K, 62% used [0x0000000080000000,0x00000000aca4f6c8,0x00000000c7500000)
 Metaspace       used 78529K, committed 79936K, reserved 1179648K
  class space    used 7773K, committed 8448K, reserved 1048576K
}
Event: 8944.837 GC heap before
{Heap before GC invocations=2085 (full 5):
 PSYoungGen      total 32768K, used 32750K [0x00000000d5580000, 0x00000000d9180000, 0x0000000100000000)
  eden space 25088K, 100% used [0x00000000d5580000,0x00000000d6e00000,0x00000000d6e00000)
  from space 7680K, 99% used [0x00000000d6e00000,0x00000000d757bb20,0x00000000d7580000)
  to   space 16384K, 0% used [0x00000000d8180000,0x00000000d8180000,0x00000000d9180000)
 ParOldGen       total 1168384K, used 731453K [0x0000000080000000, 0x00000000c7500000, 0x00000000d5580000)
  object space 1168384K, 62% used [0x0000000080000000,0x00000000aca4f6c8,0x00000000c7500000)
 Metaspace       used 78539K, committed 79936K, reserved 1179648K
  class space    used 7773K, committed 8448K, reserved 1048576K
}
Event: 8944.866 GC heap after
{Heap after GC invocations=2085 (full 5):
 PSYoungGen      total 35328K, used 4896K [0x00000000d5580000, 0x00000000d8680000, 0x0000000100000000)
  eden space 30208K, 0% used [0x00000000d5580000,0x00000000d5580000,0x00000000d7300000)
  from space 5120K, 95% used [0x00000000d8180000,0x00000000d86480d0,0x00000000d8680000)
  to   space 8704K, 0% used [0x00000000d7580000,0x00000000d7580000,0x00000000d7e00000)
 ParOldGen       total 1168384K, used 739018K [0x0000000080000000, 0x00000000c7500000, 0x00000000d5580000)
  object space 1168384K, 63% used [0x0000000080000000,0x00000000ad1b2aa8,0x00000000c7500000)
 Metaspace       used 78539K, committed 79936K, reserved 1179648K
  class space    used 7773K, committed 8448K, reserved 1048576K
}
Event: 8944.959 GC heap before
{Heap before GC invocations=2086 (full 5):
 PSYoungGen      total 35328K, used 35039K [0x00000000d5580000, 0x00000000d8680000, 0x0000000100000000)
  eden space 30208K, 99% used [0x00000000d5580000,0x00000000d72efbf0,0x00000000d7300000)
  from space 5120K, 95% used [0x00000000d8180000,0x00000000d86480d0,0x00000000d8680000)
  to   space 8704K, 0% used [0x00000000d7580000,0x00000000d7580000,0x00000000d7e00000)
 ParOldGen       total 1168384K, used 739018K [0x0000000080000000, 0x00000000c7500000, 0x00000000d5580000)
  object space 1168384K, 63% used [0x0000000080000000,0x00000000ad1b2aa8,0x00000000c7500000)
 Metaspace       used 78548K, committed 80000K, reserved 1179648K
  class space    used 7773K, committed 8448K, reserved 1048576K
}
Event: 8944.987 GC heap after
{Heap after GC invocations=2086 (full 5):
 PSYoungGen      total 41472K, used 8682K [0x00000000d5580000, 0x00000000d9700000, 0x0000000100000000)
  eden space 32768K, 0% used [0x00000000d5580000,0x00000000d5580000,0x00000000d7580000)
  from space 8704K, 99% used [0x00000000d7580000,0x00000000d7dfaaf0,0x00000000d7e00000)
  to   space 15360K, 0% used [0x00000000d8800000,0x00000000d8800000,0x00000000d9700000)
 ParOldGen       total 1168384K, used 743795K [0x0000000080000000, 0x00000000c7500000, 0x00000000d5580000)
  object space 1168384K, 63% used [0x0000000080000000,0x00000000ad65ccd8,0x00000000c7500000)
 Metaspace       used 78548K, committed 80000K, reserved 1179648K
  class space    used 7773K, committed 8448K, reserved 1048576K
}
Event: 8945.057 GC heap before
{Heap before GC invocations=2087 (full 5):
 PSYoungGen      total 41472K, used 41450K [0x00000000d5580000, 0x00000000d9700000, 0x0000000100000000)
  eden space 32768K, 100% used [0x00000000d5580000,0x00000000d7580000,0x00000000d7580000)
  from space 8704K, 99% used [0x00000000d7580000,0x00000000d7dfaaf0,0x00000000d7e00000)
  to   space 15360K, 0% used [0x00000000d8800000,0x00000000d8800000,0x00000000d9700000)
 ParOldGen       total 1168384K, used 743795K [0x0000000080000000, 0x00000000c7500000, 0x00000000d5580000)
  object space 1168384K, 63% used [0x0000000080000000,0x00000000ad65ccd8,0x00000000c7500000)
 Metaspace       used 78548K, committed 80000K, reserved 1179648K
  class space    used 7773K, committed 8448K, reserved 1048576K
}
Event: 8945.089 GC heap after
{Heap after GC invocations=2087 (full 5):
 PSYoungGen      total 44544K, used 5038K [0x00000000d5580000, 0x00000000d8d00000, 0x0000000100000000)
  eden space 39424K, 0% used [0x00000000d5580000,0x00000000d5580000,0x00000000d7c00000)
  from space 5120K, 98% used [0x00000000d8800000,0x00000000d8ceb850,0x00000000d8d00000)
  to   space 8192K, 0% used [0x00000000d7d00000,0x00000000d7d00000,0x00000000d8500000)
 ParOldGen       total 1168384K, used 752204K [0x0000000080000000, 0x00000000c7500000, 0x00000000d5580000)
  object space 1168384K, 64% used [0x0000000080000000,0x00000000ade93040,0x00000000c7500000)
 Metaspace       used 78548K, committed 80000K, reserved 1179648K
  class space    used 7773K, committed 8448K, reserved 1048576K
}
Event: 8945.189 GC heap before
{Heap before GC invocations=2088 (full 5):
 PSYoungGen      total 44544K, used 44462K [0x00000000d5580000, 0x00000000d8d00000, 0x0000000100000000)
  eden space 39424K, 100% used [0x00000000d5580000,0x00000000d7c00000,0x00000000d7c00000)
  from space 5120K, 98% used [0x00000000d8800000,0x00000000d8ceb850,0x00000000d8d00000)
  to   space 8192K, 0% used [0x00000000d7d00000,0x00000000d7d00000,0x00000000d8500000)
 ParOldGen       total 1168384K, used 752204K [0x0000000080000000, 0x00000000c7500000, 0x00000000d5580000)
  object space 1168384K, 64% used [0x0000000080000000,0x00000000ade93040,0x00000000c7500000)
 Metaspace       used 78550K, committed 80000K, reserved 1179648K
  class space    used 7773K, committed 8448K, reserved 1048576K
}
Event: 8945.208 GC heap after
{Heap after GC invocations=2088 (full 5):
 PSYoungGen      total 48640K, used 4993K [0x00000000d5580000, 0x00000000d8f00000, 0x0000000100000000)
  eden space 40448K, 0% used [0x00000000d5580000,0x00000000d5580000,0x00000000d7d00000)
  from space 8192K, 60% used [0x00000000d7d00000,0x00000000d81e0678,0x00000000d8500000)
  to   space 5632K, 0% used [0x00000000d8980000,0x00000000d8980000,0x00000000d8f00000)
 ParOldGen       total 1168384K, used 756176K [0x0000000080000000, 0x00000000c7500000, 0x00000000d5580000)
  object space 1168384K, 64% used [0x0000000080000000,0x00000000ae274030,0x00000000c7500000)
 Metaspace       used 78550K, committed 80000K, reserved 1179648K
  class space    used 7773K, committed 8448K, reserved 1048576K
}
Event: 8945.764 GC heap before
{Heap before GC invocations=2089 (full 5):
 PSYoungGen      total 48640K, used 45441K [0x00000000d5580000, 0x00000000d8f00000, 0x0000000100000000)
  eden space 40448K, 100% used [0x00000000d5580000,0x00000000d7d00000,0x00000000d7d00000)
  from space 8192K, 60% used [0x00000000d7d00000,0x00000000d81e0678,0x00000000d8500000)
  to   space 5632K, 0% used [0x00000000d8980000,0x00000000d8980000,0x00000000d8f00000)
 ParOldGen       total 1168384K, used 756176K [0x0000000080000000, 0x00000000c7500000, 0x00000000d5580000)
  object space 1168384K, 64% used [0x0000000080000000,0x00000000ae274030,0x00000000c7500000)
 Metaspace       used 78556K, committed 80000K, reserved 1179648K
  class space    used 7773K, committed 8448K, reserved 1048576K
}
Event: 8945.787 GC heap after
{Heap after GC invocations=2089 (full 5):
 PSYoungGen      total 44544K, used 5108K [0x00000000d5580000, 0x00000000d8e80000, 0x0000000100000000)
  eden space 39424K, 0% used [0x00000000d5580000,0x00000000d5580000,0x00000000d7c00000)
  from space 5120K, 99% used [0x00000000d8980000,0x00000000d8e7d320,0x00000000d8e80000)
  to   space 5632K, 0% used [0x00000000d8380000,0x00000000d8380000,0x00000000d8900000)
 ParOldGen       total 1168384K, used 760953K [0x0000000080000000, 0x00000000c7500000, 0x00000000d5580000)
  object space 1168384K, 65% used [0x0000000080000000,0x00000000ae71e4e0,0x00000000c7500000)
 Metaspace       used 78556K, committed 80000K, reserved 1179648K
  class space    used 7773K, committed 8448K, reserved 1048576K
}
Event: 9169.512 GC heap before
{Heap before GC invocations=2090 (full 5):
 PSYoungGen      total 44544K, used 44532K [0x00000000d5580000, 0x00000000d8e80000, 0x0000000100000000)
  eden space 39424K, 100% used [0x00000000d5580000,0x00000000d7c00000,0x00000000d7c00000)
  from space 5120K, 99% used [0x00000000d8980000,0x00000000d8e7d320,0x00000000d8e80000)
  to   space 5632K, 0% used [0x00000000d8380000,0x00000000d8380000,0x00000000d8900000)
 ParOldGen       total 1168384K, used 760953K [0x0000000080000000, 0x00000000c7500000, 0x00000000d5580000)
  object space 1168384K, 65% used [0x0000000080000000,0x00000000ae71e4e0,0x00000000c7500000)
 Metaspace       used 78580K, committed 80000K, reserved 1179648K
  class space    used 7773K, committed 8448K, reserved 1048576K
}
Event: 9169.741 GC heap after
{Heap after GC invocations=2090 (full 5):
 PSYoungGen      total 44032K, used 5628K [0x00000000d5580000, 0x00000000d9b00000, 0x0000000100000000)
  eden space 38400K, 0% used [0x00000000d5580000,0x00000000d5580000,0x00000000d7b00000)
  from space 5632K, 99% used [0x00000000d8380000,0x00000000d88ff020,0x00000000d8900000)
  to   space 16384K, 0% used [0x00000000d8b00000,0x00000000d8b00000,0x00000000d9b00000)
 ParOldGen       total 1168384K, used 770013K [0x0000000080000000, 0x00000000c7500000, 0x00000000d5580000)
  object space 1168384K, 65% used [0x0000000080000000,0x00000000aeff74a0,0x00000000c7500000)
 Metaspace       used 78580K, committed 80000K, reserved 1179648K
  class space    used 7773K, committed 8448K, reserved 1048576K
}
Event: 9172.405 GC heap before
{Heap before GC invocations=2091 (full 5):
 PSYoungGen      total 44032K, used 44028K [0x00000000d5580000, 0x00000000d9b00000, 0x0000000100000000)
  eden space 38400K, 100% used [0x00000000d5580000,0x00000000d7b00000,0x00000000d7b00000)
  from space 5632K, 99% used [0x00000000d8380000,0x00000000d88ff020,0x00000000d8900000)
  to   space 16384K, 0% used [0x00000000d8b00000,0x00000000d8b00000,0x00000000d9b00000)
 ParOldGen       total 1168384K, used 770013K [0x0000000080000000, 0x00000000c7500000, 0x00000000d5580000)
  object space 1168384K, 65% used [0x0000000080000000,0x00000000aeff74a0,0x00000000c7500000)
 Metaspace       used 78581K, committed 80000K, reserved 1179648K
  class space    used 7773K, committed 8448K, reserved 1048576K
}
Event: 9172.434 GC heap after
{Heap after GC invocations=2091 (full 5):
 PSYoungGen      total 48128K, used 10647K [0x00000000d5580000, 0x00000000d9580000, 0x0000000100000000)
  eden space 37376K, 0% used [0x00000000d5580000,0x00000000d5580000,0x00000000d7a00000)
  from space 10752K, 99% used [0x00000000d8b00000,0x00000000d9565c20,0x00000000d9580000)
  to   space 12288K, 0% used [0x00000000d7d80000,0x00000000d7d80000,0x00000000d8980000)
 ParOldGen       total 1168384K, used 770621K [0x0000000080000000, 0x00000000c7500000, 0x00000000d5580000)
  object space 1168384K, 65% used [0x0000000080000000,0x00000000af08f4d0,0x00000000c7500000)
 Metaspace       used 78581K, committed 80000K, reserved 1179648K
  class space    used 7773K, committed 8448K, reserved 1048576K
}
Event: 9178.609 GC heap before
{Heap before GC invocations=2092 (full 5):
 PSYoungGen      total 48128K, used 48023K [0x00000000d5580000, 0x00000000d9580000, 0x0000000100000000)
  eden space 37376K, 100% used [0x00000000d5580000,0x00000000d7a00000,0x00000000d7a00000)
  from space 10752K, 99% used [0x00000000d8b00000,0x00000000d9565c20,0x00000000d9580000)
  to   space 12288K, 0% used [0x00000000d7d80000,0x00000000d7d80000,0x00000000d8980000)
 ParOldGen       total 1168384K, used 770621K [0x0000000080000000, 0x00000000c7500000, 0x00000000d5580000)
  object space 1168384K, 65% used [0x0000000080000000,0x00000000af08f4d0,0x00000000c7500000)
 Metaspace       used 78658K, committed 80064K, reserved 1179648K
  class space    used 7779K, committed 8448K, reserved 1048576K
}
Event: 9178.662 GC heap after
{Heap after GC invocations=2092 (full 5):
 PSYoungGen      total 40448K, used 3861K [0x00000000d5580000, 0x00000000d8b80000, 0x0000000100000000)
  eden space 36352K, 0% used [0x00000000d5580000,0x00000000d5580000,0x00000000d7900000)
  from space 4096K, 94% used [0x00000000d7d80000,0x00000000d8145600,0x00000000d8180000)
  to   space 6656K, 0% used [0x00000000d8500000,0x00000000d8500000,0x00000000d8b80000)
 ParOldGen       total 1168384K, used 779281K [0x0000000080000000, 0x00000000c7500000, 0x00000000d5580000)
  object space 1168384K, 66% used [0x0000000080000000,0x00000000af904720,0x00000000c7500000)
 Metaspace       used 78658K, committed 80064K, reserved 1179648K
  class space    used 7779K, committed 8448K, reserved 1048576K
}
Event: 9527.776 GC heap before
{Heap before GC invocations=2093 (full 5):
 PSYoungGen      total 40448K, used 40213K [0x00000000d5580000, 0x00000000d8b80000, 0x0000000100000000)
  eden space 36352K, 99% used [0x00000000d5580000,0x00000000d78fffa8,0x00000000d7900000)
  from space 4096K, 94% used [0x00000000d7d80000,0x00000000d8145600,0x00000000d8180000)
  to   space 6656K, 0% used [0x00000000d8500000,0x00000000d8500000,0x00000000d8b80000)
 ParOldGen       total 1168384K, used 779281K [0x0000000080000000, 0x00000000c7500000, 0x00000000d5580000)
  object space 1168384K, 66% used [0x0000000080000000,0x00000000af904720,0x00000000c7500000)
 Metaspace       used 78739K, committed 80128K, reserved 1179648K
  class space    used 7786K, committed 8448K, reserved 1048576K
}
Event: 9527.956 GC heap after
{Heap after GC invocations=2093 (full 5):
 PSYoungGen      total 35840K, used 448K [0x00000000d5580000, 0x00000000d8580000, 0x0000000100000000)
  eden space 35328K, 0% used [0x00000000d5580000,0x00000000d5580000,0x00000000d7800000)
  from space 512K, 87% used [0x00000000d8500000,0x00000000d8570000,0x00000000d8580000)
  to   space 2560K, 0% used [0x00000000d8080000,0x00000000d8080000,0x00000000d8300000)
 ParOldGen       total 1168384K, used 780089K [0x0000000080000000, 0x00000000c7500000, 0x00000000d5580000)
  object space 1168384K, 66% used [0x0000000080000000,0x00000000af9ce720,0x00000000c7500000)
 Metaspace       used 78739K, committed 80128K, reserved 1179648K
  class space    used 7786K, committed 8448K, reserved 1048576K
}

