# JRE version: OpenJDK Runtime Environment Temurin-21.0.10+7 (21.0.10+7) (build 21.0.10+7-LTS)
# Java VM: OpenJDK 64-Bit Server VM Temurin-21.0.10+7 (21.0.10+7-LTS, mixed mode, sharing, tiered, compressed oops, compressed class ptrs, parallel gc, windows-amd64)
GC Precious Log:
 CardTable entry size: 512
 CPUs: 8 total, 8 available
 Memory: 7859M
 Large Page Support: Disabled
 NUMA Support: Disabled
 Compressed Oops: Enabled (32-bit)
 Alignments: Space 512K, Generation 512K, Heap 2M
 Heap Min Capacity: 100M
 Heap Initial Capacity: 100M
 Heap Max Capacity: 2G
 Pre-touch: Disabled
 Parallel Workers: 8
Heap:
 PSYoungGen      total 14336K, used 12958K [0x00000000d5580000, 0x00000000d6880000, 0x0000000100000000)
  eden space 13312K, 93% used [0x00000000d5580000,0x00000000d619fbd0,0x00000000d6280000)
  from space 1024K, 53% used [0x00000000d6780000,0x00000000d6808000,0x00000000d6880000)
  to   space 1024K, 0% used [0x00000000d6680000,0x00000000d6680000,0x00000000d6780000)
 ParOldGen       total 148480K, used 112834K [0x0000000080000000, 0x0000000089100000, 0x00000000d5580000)
  object space 148480K, 75% used [0x0000000080000000,0x0000000086e30908,0x0000000089100000)
 Metaspace       used 81742K, committed 83456K, reserved 1179648K
  class space    used 9096K, committed 9856K, reserved 1048576K
GC Heap History (20 events):
Event: 132.493 GC heap before
{Heap before GC invocations=109 (full 3):
 PSYoungGen      total 19456K, used 19392K [0x00000000d5580000, 0x00000000d6c00000, 0x0000000100000000)
  eden space 16896K, 100% used [0x00000000d5580000,0x00000000d6600000,0x00000000d6600000)
  from space 2560K, 97% used [0x00000000d6680000,0x00000000d68f0010,0x00000000d6900000)
  to   space 3072K, 0% used [0x00000000d6900000,0x00000000d6900000,0x00000000d6c00000)
 ParOldGen       total 137728K, used 137329K [0x0000000080000000, 0x0000000088680000, 0x00000000d5580000)
  object space 137728K, 99% used [0x0000000080000000,0x000000008861c710,0x0000000088680000)
 Metaspace       used 77714K, committed 79360K, reserved 1179648K
  class space    used 8563K, committed 9280K, reserved 1048576K
}
Event: 132.504 GC heap after
{Heap after GC invocations=109 (full 3):
 PSYoungGen      total 19968K, used 2720K [0x00000000d5580000, 0x00000000d6c00000, 0x0000000100000000)
  eden space 16896K, 0% used [0x00000000d5580000,0x00000000d5580000,0x00000000d6600000)
  from space 3072K, 88% used [0x00000000d6900000,0x00000000d6ba8000,0x00000000d6c00000)
  to   space 3072K, 0% used [0x00000000d6600000,0x00000000d6600000,0x00000000d6900000)
 ParOldGen       total 139776K, used 139650K [0x0000000080000000, 0x0000000088880000, 0x00000000d5580000)
  object space 139776K, 99% used [0x0000000080000000,0x0000000088860bc8,0x0000000088880000)
 Metaspace       used 77714K, committed 79360K, reserved 1179648K
  class space    used 8563K, committed 9280K, reserved 1048576K
}
Event: 133.492 GC heap before
{Heap before GC invocations=110 (full 3):
 PSYoungGen      total 19968K, used 19616K [0x00000000d5580000, 0x00000000d6c00000, 0x0000000100000000)
  eden space 16896K, 100% used [0x00000000d5580000,0x00000000d6600000,0x00000000d6600000)
  from space 3072K, 88% used [0x00000000d6900000,0x00000000d6ba8000,0x00000000d6c00000)
  to   space 3072K, 0% used [0x00000000d6600000,0x00000000d6600000,0x00000000d6900000)
 ParOldGen       total 139776K, used 139650K [0x0000000080000000, 0x0000000088880000, 0x00000000d5580000)
  object space 139776K, 99% used [0x0000000080000000,0x0000000088860bc8,0x0000000088880000)
 Metaspace       used 77898K, committed 79488K, reserved 1179648K
  class space    used 8572K, committed 9280K, reserved 1048576K
}
Event: 133.499 GC heap after
{Heap after GC invocations=110 (full 3):
 PSYoungGen      total 19968K, used 2932K [0x00000000d5580000, 0x00000000d6c00000, 0x0000000100000000)
  eden space 16896K, 0% used [0x00000000d5580000,0x00000000d5580000,0x00000000d6600000)
  from space 3072K, 95% used [0x00000000d6600000,0x00000000d68dd028,0x00000000d6900000)
  to   space 3072K, 0% used [0x00000000d6900000,0x00000000d6900000,0x00000000d6c00000)
 ParOldGen       total 142336K, used 142196K [0x0000000080000000, 0x0000000088b00000, 0x00000000d5580000)
  object space 142336K, 99% used [0x0000000080000000,0x0000000088add238,0x0000000088b00000)
 Metaspace       used 77898K, committed 79488K, reserved 1179648K
  class space    used 8572K, committed 9280K, reserved 1048576K
}
Event: 133.972 GC heap before
{Heap before GC invocations=111 (full 3):
 PSYoungGen      total 19968K, used 19828K [0x00000000d5580000, 0x00000000d6c00000, 0x0000000100000000)
  eden space 16896K, 100% used [0x00000000d5580000,0x00000000d6600000,0x00000000d6600000)
  from space 3072K, 95% used [0x00000000d6600000,0x00000000d68dd028,0x00000000d6900000)
  to   space 3072K, 0% used [0x00000000d6900000,0x00000000d6900000,0x00000000d6c00000)
 ParOldGen       total 142336K, used 142196K [0x0000000080000000, 0x0000000088b00000, 0x00000000d5580000)
  object space 142336K, 99% used [0x0000000080000000,0x0000000088add238,0x0000000088b00000)
 Metaspace       used 78043K, committed 79616K, reserved 1179648K
  class space    used 8575K, committed 9280K, reserved 1048576K
}
Event: 133.979 GC heap after
{Heap after GC invocations=111 (full 3):
 PSYoungGen      total 16384K, used 3049K [0x00000000d5580000, 0x00000000d7300000, 0x0000000100000000)
  eden space 13312K, 0% used [0x00000000d5580000,0x00000000d5580000,0x00000000d6280000)
  from space 3072K, 99% used [0x00000000d6900000,0x00000000d6bfa520,0x00000000d6c00000)
  to   space 6656K, 0% used [0x00000000d6280000,0x00000000d6280000,0x00000000d6900000)
 ParOldGen       total 145408K, used 145032K [0x0000000080000000, 0x0000000088e00000, 0x00000000d5580000)
  object space 145408K, 99% used [0x0000000080000000,0x0000000088da2260,0x0000000088e00000)
 Metaspace       used 78043K, committed 79616K, reserved 1179648K
  class space    used 8575K, committed 9280K, reserved 1048576K
}
Event: 134.195 GC heap before
{Heap before GC invocations=112 (full 3):
 PSYoungGen      total 16384K, used 10732K [0x00000000d5580000, 0x00000000d7300000, 0x0000000100000000)
  eden space 13312K, 57% used [0x00000000d5580000,0x00000000d5d00c48,0x00000000d6280000)
  from space 3072K, 99% used [0x00000000d6900000,0x00000000d6bfa520,0x00000000d6c00000)
  to   space 6656K, 0% used [0x00000000d6280000,0x00000000d6280000,0x00000000d6900000)
 ParOldGen       total 145408K, used 145032K [0x0000000080000000, 0x0000000088e00000, 0x00000000d5580000)
  object space 145408K, 99% used [0x0000000080000000,0x0000000088da2260,0x0000000088e00000)
 Metaspace       used 78075K, committed 79680K, reserved 1179648K
  class space    used 8575K, committed 9280K, reserved 1048576K
}
Event: 134.199 GC heap after
{Heap after GC invocations=112 (full 3):
 PSYoungGen      total 19968K, used 1447K [0x00000000d5580000, 0x00000000d6c00000, 0x0000000100000000)
  eden space 13312K, 0% used [0x00000000d5580000,0x00000000d5580000,0x00000000d6280000)
  from space 6656K, 21% used [0x00000000d6280000,0x00000000d63e9de0,0x00000000d6900000)
  to   space 3072K, 0% used [0x00000000d6900000,0x00000000d6900000,0x00000000d6c00000)
 ParOldGen       total 148480K, used 148021K [0x0000000080000000, 0x0000000089100000, 0x00000000d5580000)
  object space 148480K, 99% used [0x0000000080000000,0x000000008908d730,0x0000000089100000)
 Metaspace       used 78075K, committed 79680K, reserved 1179648K
  class space    used 8575K, committed 9280K, reserved 1048576K
}
Event: 134.199 GC heap before
{Heap before GC invocations=113 (full 4):
 PSYoungGen      total 19968K, used 1447K [0x00000000d5580000, 0x00000000d6c00000, 0x0000000100000000)
  eden space 13312K, 0% used [0x00000000d5580000,0x00000000d5580000,0x00000000d6280000)
  from space 6656K, 21% used [0x00000000d6280000,0x00000000d63e9de0,0x00000000d6900000)
  to   space 3072K, 0% used [0x00000000d6900000,0x00000000d6900000,0x00000000d6c00000)
 ParOldGen       total 148480K, used 148021K [0x0000000080000000, 0x0000000089100000, 0x00000000d5580000)
  object space 148480K, 99% used [0x0000000080000000,0x000000008908d730,0x0000000089100000)
 Metaspace       used 78075K, committed 79680K, reserved 1179648K
  class space    used 8575K, committed 9280K, reserved 1048576K
}
Event: 134.530 GC heap after
{Heap after GC invocations=113 (full 4):
 PSYoungGen      total 19968K, used 0K [0x00000000d5580000, 0x00000000d6c00000, 0x0000000100000000)
  eden space 13312K, 0% used [0x00000000d5580000,0x00000000d5580000,0x00000000d6280000)
  from space 6656K, 0% used [0x00000000d6280000,0x00000000d6280000,0x00000000d6900000)
  to   space 3072K, 0% used [0x00000000d6900000,0x00000000d6900000,0x00000000d6c00000)
 ParOldGen       total 148480K, used 106314K [0x0000000080000000, 0x0000000089100000, 0x00000000d5580000)
  object space 148480K, 71% used [0x0000000080000000,0x00000000867d2938,0x0000000089100000)
 Metaspace       used 78075K, committed 79680K, reserved 1179648K
  class space    used 8575K, committed 9280K, reserved 1048576K
}
Event: 135.422 GC heap before
{Heap before GC invocations=114 (full 4):
 PSYoungGen      total 19968K, used 13312K [0x00000000d5580000, 0x00000000d6c00000, 0x0000000100000000)
  eden space 13312K, 100% used [0x00000000d5580000,0x00000000d6280000,0x00000000d6280000)
  from space 6656K, 0% used [0x00000000d6280000,0x00000000d6280000,0x00000000d6900000)
  to   space 3072K, 0% used [0x00000000d6900000,0x00000000d6900000,0x00000000d6c00000)
 ParOldGen       total 148480K, used 106314K [0x0000000080000000, 0x0000000089100000, 0x00000000d5580000)
  object space 148480K, 71% used [0x0000000080000000,0x00000000867d2938,0x0000000089100000)
 Metaspace       used 78229K, committed 79808K, reserved 1179648K
  class space    used 8583K, committed 9280K, reserved 1048576K
}
Event: 135.426 GC heap after
{Heap after GC invocations=114 (full 4):
 PSYoungGen      total 14848K, used 1536K [0x00000000d5580000, 0x00000000d6a80000, 0x0000000100000000)
  eden space 13312K, 0% used [0x00000000d5580000,0x00000000d5580000,0x00000000d6280000)
  from space 1536K, 100% used [0x00000000d6900000,0x00000000d6a80000,0x00000000d6a80000)
  to   space 2048K, 0% used [0x00000000d6680000,0x00000000d6680000,0x00000000d6880000)
 ParOldGen       total 148480K, used 106322K [0x0000000080000000, 0x0000000089100000, 0x00000000d5580000)
  object space 148480K, 71% used [0x0000000080000000,0x00000000867d4938,0x0000000089100000)
 Metaspace       used 78229K, committed 79808K, reserved 1179648K
  class space    used 8583K, committed 9280K, reserved 1048576K
}
Event: 135.622 GC heap before
{Heap before GC invocations=115 (full 4):
 PSYoungGen      total 14848K, used 14848K [0x00000000d5580000, 0x00000000d6a80000, 0x0000000100000000)
  eden space 13312K, 100% used [0x00000000d5580000,0x00000000d6280000,0x00000000d6280000)
  from space 1536K, 100% used [0x00000000d6900000,0x00000000d6a80000,0x00000000d6a80000)
  to   space 2048K, 0% used [0x00000000d6680000,0x00000000d6680000,0x00000000d6880000)
 ParOldGen       total 148480K, used 106322K [0x0000000080000000, 0x0000000089100000, 0x00000000d5580000)
  object space 148480K, 71% used [0x0000000080000000,0x00000000867d4938,0x0000000089100000)
 Metaspace       used 78256K, committed 79808K, reserved 1179648K
  class space    used 8586K, committed 9280K, reserved 1048576K
}
Event: 135.627 GC heap after
{Heap after GC invocations=115 (full 4):
 PSYoungGen      total 15360K, used 2032K [0x00000000d5580000, 0x00000000d6c80000, 0x0000000100000000)
  eden space 13312K, 0% used [0x00000000d5580000,0x00000000d5580000,0x00000000d6280000)
  from space 2048K, 99% used [0x00000000d6680000,0x00000000d687c020,0x00000000d6880000)
  to   space 4096K, 0% used [0x00000000d6880000,0x00000000d6880000,0x00000000d6c80000)
 ParOldGen       total 148480K, used 108628K [0x0000000080000000, 0x0000000089100000, 0x00000000d5580000)
  object space 148480K, 73% used [0x0000000080000000,0x0000000086a152a8,0x0000000089100000)
 Metaspace       used 78256K, committed 79808K, reserved 1179648K
  class space    used 8586K, committed 9280K, reserved 1048576K
}
Event: 135.727 GC heap before
{Heap before GC invocations=116 (full 4):
 PSYoungGen      total 15360K, used 15344K [0x00000000d5580000, 0x00000000d6c80000, 0x0000000100000000)
  eden space 13312K, 100% used [0x00000000d5580000,0x00000000d6280000,0x00000000d6280000)
  from space 2048K, 99% used [0x00000000d6680000,0x00000000d687c020,0x00000000d6880000)
  to   space 4096K, 0% used [0x00000000d6880000,0x00000000d6880000,0x00000000d6c80000)
 ParOldGen       total 148480K, used 108628K [0x0000000080000000, 0x0000000089100000, 0x00000000d5580000)
  object space 148480K, 73% used [0x0000000080000000,0x0000000086a152a8,0x0000000089100000)
 Metaspace       used 78289K, committed 79808K, reserved 1179648K
  class space    used 8589K, committed 9280K, reserved 1048576K
}
Event: 135.730 GC heap after
{Heap after GC invocations=116 (full 4):
 PSYoungGen      total 14848K, used 1440K [0x00000000d5580000, 0x00000000d6a00000, 0x0000000100000000)
  eden space 13312K, 0% used [0x00000000d5580000,0x00000000d5580000,0x00000000d6280000)
  from space 1536K, 93% used [0x00000000d6880000,0x00000000d69e8040,0x00000000d6a00000)
  to   space 2560K, 0% used [0x00000000d6500000,0x00000000d6500000,0x00000000d6780000)
 ParOldGen       total 148480K, used 110683K [0x0000000080000000, 0x0000000089100000, 0x00000000d5580000)
  object space 148480K, 74% used [0x0000000080000000,0x0000000086c16e20,0x0000000089100000)
 Metaspace       used 78289K, committed 79808K, reserved 1179648K
  class space    used 8589K, committed 9280K, reserved 1048576K
}
Event: 138.111 GC heap before
{Heap before GC invocations=117 (full 4):
 PSYoungGen      total 14848K, used 14748K [0x00000000d5580000, 0x00000000d6a00000, 0x0000000100000000)
  eden space 13312K, 99% used [0x00000000d5580000,0x00000000d627f048,0x00000000d6280000)
  from space 1536K, 93% used [0x00000000d6880000,0x00000000d69e8040,0x00000000d6a00000)
  to   space 2560K, 0% used [0x00000000d6500000,0x00000000d6500000,0x00000000d6780000)
 ParOldGen       total 148480K, used 110683K [0x0000000080000000, 0x0000000089100000, 0x00000000d5580000)
  object space 148480K, 74% used [0x0000000080000000,0x0000000086c16e20,0x0000000089100000)
 Metaspace       used 79117K, committed 80704K, reserved 1179648K
  class space    used 8709K, committed 9408K, reserved 1048576K
}
Event: 138.115 GC heap after
{Heap after GC invocations=117 (full 4):
 PSYoungGen      total 15872K, used 896K [0x00000000d5580000, 0x00000000d6900000, 0x0000000100000000)
  eden space 13312K, 0% used [0x00000000d5580000,0x00000000d5580000,0x00000000d6280000)
  from space 2560K, 35% used [0x00000000d6500000,0x00000000d65e0000,0x00000000d6780000)
  to   space 1536K, 0% used [0x00000000d6780000,0x00000000d6780000,0x00000000d6900000)
 ParOldGen       total 148480K, used 112019K [0x0000000080000000, 0x0000000089100000, 0x00000000d5580000)
  object space 148480K, 75% used [0x0000000080000000,0x0000000086d64ee0,0x0000000089100000)
 Metaspace       used 79117K, committed 80704K, reserved 1179648K
  class space    used 8709K, committed 9408K, reserved 1048576K
}
Event: 138.892 GC heap before
{Heap before GC invocations=118 (full 4):
 PSYoungGen      total 15872K, used 14208K [0x00000000d5580000, 0x00000000d6900000, 0x0000000100000000)
  eden space 13312K, 100% used [0x00000000d5580000,0x00000000d6280000,0x00000000d6280000)
  from space 2560K, 35% used [0x00000000d6500000,0x00000000d65e0000,0x00000000d6780000)
  to   space 1536K, 0% used [0x00000000d6780000,0x00000000d6780000,0x00000000d6900000)
 ParOldGen       total 148480K, used 112019K [0x0000000080000000, 0x0000000089100000, 0x00000000d5580000)
  object space 148480K, 75% used [0x0000000080000000,0x0000000086d64ee0,0x0000000089100000)
 Metaspace       used 80432K, committed 82112K, reserved 1179648K
  class space    used 8936K, committed 9664K, reserved 1048576K
}
Event: 138.895 GC heap after
{Heap after GC invocations=118 (full 4):
 PSYoungGen      total 14336K, used 544K [0x00000000d5580000, 0x00000000d6880000, 0x0000000100000000)
  eden space 13312K, 0% used [0x00000000d5580000,0x00000000d5580000,0x00000000d6280000)
  from space 1024K, 53% used [0x00000000d6780000,0x00000000d6808000,0x00000000d6880000)
  to   space 1024K, 0% used [0x00000000d6680000,0x00000000d6680000,0x00000000d6780000)
 ParOldGen       total 148480K, used 112834K [0x0000000080000000, 0x0000000089100000, 0x00000000d5580000)
  object space 148480K, 75% used [0x0000000080000000,0x0000000086e30908,0x0000000089100000)
 Metaspace       used 80432K, committed 82112K, reserved 1179648K
  class space    used 8936K, committed 9664K, reserved 1048576K
}

