# JRE version: OpenJDK Runtime Environment Temurin-21.0.10+7 (21.0.10+7) (build 21.0.10+7-LTS)
# Java VM: OpenJDK 64-Bit Server VM Temurin-21.0.10+7 (21.0.10+7-LTS, mixed mode, sharing, tiered, compressed oops, compressed class ptrs, parallel gc, windows-amd64)
GC Precious Log:
 CardTable entry size: 512
 CPUs: 8 total, 8 available
 Memory: 7859M
 Large Page Support: Disabled
 NUMA Support: Disabled
 Compressed Oops: Enabled (32-bit)
 Alignments: Space 512K, Generation 512K, Heap 2M
 Heap Min Capacity: 100M
 Heap Initial Capacity: 100M
 Heap Max Capacity: 2G
 Pre-touch: Disabled
 Parallel Workers: 8
Heap:
 PSYoungGen      total 4096K, used 596K [0x00000000d5580000, 0x00000000d5a80000, 0x0000000100000000)
  eden space 3584K, 9% used [0x00000000d5580000,0x00000000d55d5390,0x00000000d5900000)
  from space 512K, 50% used [0x00000000d5a00000,0x00000000d5a40000,0x00000000d5a80000)
  to   space 512K, 0% used [0x00000000d5980000,0x00000000d5980000,0x00000000d5a00000)
 ParOldGen       total 118784K, used 118715K [0x0000000080000000, 0x0000000087400000, 0x00000000d5580000)
  object space 118784K, 99% used [0x0000000080000000,0x00000000873eeee0,0x0000000087400000)
 Metaspace       used 73731K, committed 75328K, reserved 1179648K
  class space    used 8380K, committed 9088K, reserved 1048576K
GC Heap History (20 events):
Event: 56.279 GC heap before
{Heap before GC invocations=226 (full 3):
 PSYoungGen      total 4096K, used 4068K [0x00000000d5580000, 0x00000000d5c00000, 0x0000000100000000)
  eden space 3584K, 100% used [0x00000000d5580000,0x00000000d5900000,0x00000000d5900000)
  from space 512K, 94% used [0x00000000d5a80000,0x00000000d5af9210,0x00000000d5b00000)
  to   space 1536K, 0% used [0x00000000d5900000,0x00000000d5900000,0x00000000d5a80000)
 ParOldGen       total 116736K, used 116460K [0x0000000080000000, 0x0000000087200000, 0x00000000d5580000)
  object space 116736K, 99% used [0x0000000080000000,0x00000000871bb030,0x0000000087200000)
 Metaspace       used 72143K, committed 73792K, reserved 1114112K
  class space    used 8206K, committed 8960K, reserved 1048576K
}
Event: 56.281 GC heap after
{Heap after GC invocations=226 (full 3):
 PSYoungGen      total 4096K, used 480K [0x00000000d5580000, 0x00000000d5b00000, 0x0000000100000000)
  eden space 3584K, 0% used [0x00000000d5580000,0x00000000d5580000,0x00000000d5900000)
  from space 512K, 93% used [0x00000000d5900000,0x00000000d5978000,0x00000000d5980000)
  to   space 1024K, 0% used [0x00000000d5a00000,0x00000000d5a00000,0x00000000d5b00000)
 ParOldGen       total 117248K, used 116912K [0x0000000080000000, 0x0000000087280000, 0x00000000d5580000)
  object space 117248K, 99% used [0x0000000080000000,0x000000008722c260,0x0000000087280000)
 Metaspace       used 72143K, committed 73792K, reserved 1114112K
  class space    used 8206K, committed 8960K, reserved 1048576K
}
Event: 82.567 GC heap before
{Heap before GC invocations=227 (full 3):
 PSYoungGen      total 4096K, used 4064K [0x00000000d5580000, 0x00000000d5b00000, 0x0000000100000000)
  eden space 3584K, 100% used [0x00000000d5580000,0x00000000d5900000,0x00000000d5900000)
  from space 512K, 93% used [0x00000000d5900000,0x00000000d5978000,0x00000000d5980000)
  to   space 1024K, 0% used [0x00000000d5a00000,0x00000000d5a00000,0x00000000d5b00000)
 ParOldGen       total 117248K, used 116912K [0x0000000080000000, 0x0000000087280000, 0x00000000d5580000)
  object space 117248K, 99% used [0x0000000080000000,0x000000008722c260,0x0000000087280000)
 Metaspace       used 72673K, committed 74240K, reserved 1114112K
  class space    used 8259K, committed 8960K, reserved 1048576K
}
Event: 82.584 GC heap after
{Heap after GC invocations=227 (full 3):
 PSYoungGen      total 4608K, used 615K [0x00000000d5580000, 0x00000000d5b00000, 0x0000000100000000)
  eden space 3584K, 0% used [0x00000000d5580000,0x00000000d5580000,0x00000000d5900000)
  from space 1024K, 60% used [0x00000000d5a00000,0x00000000d5a99c60,0x00000000d5b00000)
  to   space 1024K, 0% used [0x00000000d5900000,0x00000000d5900000,0x00000000d5a00000)
 ParOldGen       total 117760K, used 117304K [0x0000000080000000, 0x0000000087300000, 0x00000000d5580000)
  object space 117760K, 99% used [0x0000000080000000,0x000000008728e260,0x0000000087300000)
 Metaspace       used 72673K, committed 74240K, reserved 1114112K
  class space    used 8259K, committed 8960K, reserved 1048576K
}
Event: 82.599 GC heap before
{Heap before GC invocations=228 (full 3):
 PSYoungGen      total 4608K, used 4199K [0x00000000d5580000, 0x00000000d5b00000, 0x0000000100000000)
  eden space 3584K, 99% used [0x00000000d5580000,0x00000000d58fffa8,0x00000000d5900000)
  from space 1024K, 60% used [0x00000000d5a00000,0x00000000d5a99c60,0x00000000d5b00000)
  to   space 1024K, 0% used [0x00000000d5900000,0x00000000d5900000,0x00000000d5a00000)
 ParOldGen       total 117760K, used 117304K [0x0000000080000000, 0x0000000087300000, 0x00000000d5580000)
  object space 117760K, 99% used [0x0000000080000000,0x000000008728e260,0x0000000087300000)
 Metaspace       used 72675K, committed 74240K, reserved 1114112K
  class space    used 8259K, committed 8960K, reserved 1048576K
}
Event: 82.601 GC heap after
{Heap after GC invocations=228 (full 3):
 PSYoungGen      total 4608K, used 96K [0x00000000d5580000, 0x00000000d5a80000, 0x0000000100000000)
  eden space 3584K, 0% used [0x00000000d5580000,0x00000000d5580000,0x00000000d5900000)
  from space 1024K, 9% used [0x00000000d5900000,0x00000000d5918000,0x00000000d5a00000)
  to   space 512K, 0% used [0x00000000d5a00000,0x00000000d5a00000,0x00000000d5a80000)
 ParOldGen       total 118272K, used 117767K [0x0000000080000000, 0x0000000087380000, 0x00000000d5580000)
  object space 118272K, 99% used [0x0000000080000000,0x0000000087301ec0,0x0000000087380000)
 Metaspace       used 72675K, committed 74240K, reserved 1114112K
  class space    used 8259K, committed 8960K, reserved 1048576K
}
Event: 82.609 GC heap before
{Heap before GC invocations=229 (full 3):
 PSYoungGen      total 4608K, used 3680K [0x00000000d5580000, 0x00000000d5a80000, 0x0000000100000000)
  eden space 3584K, 100% used [0x00000000d5580000,0x00000000d5900000,0x00000000d5900000)
  from space 1024K, 9% used [0x00000000d5900000,0x00000000d5918000,0x00000000d5a00000)
  to   space 512K, 0% used [0x00000000d5a00000,0x00000000d5a00000,0x00000000d5a80000)
 ParOldGen       total 118272K, used 117767K [0x0000000080000000, 0x0000000087380000, 0x00000000d5580000)
  object space 118272K, 99% used [0x0000000080000000,0x0000000087301ec0,0x0000000087380000)
 Metaspace       used 72675K, committed 74240K, reserved 1114112K
  class space    used 8259K, committed 8960K, reserved 1048576K
}
Event: 82.609 GC heap after
{Heap after GC invocations=229 (full 3):
 PSYoungGen      total 4096K, used 96K [0x00000000d5580000, 0x00000000d5a80000, 0x0000000100000000)
  eden space 3584K, 0% used [0x00000000d5580000,0x00000000d5580000,0x00000000d5900000)
  from space 512K, 18% used [0x00000000d5a00000,0x00000000d5a18000,0x00000000d5a80000)
  to   space 512K, 0% used [0x00000000d5980000,0x00000000d5980000,0x00000000d5a00000)
 ParOldGen       total 118272K, used 117767K [0x0000000080000000, 0x0000000087380000, 0x00000000d5580000)
  object space 118272K, 99% used [0x0000000080000000,0x0000000087301ec0,0x0000000087380000)
 Metaspace       used 72675K, committed 74240K, reserved 1114112K
  class space    used 8259K, committed 8960K, reserved 1048576K
}
Event: 82.618 GC heap before
{Heap before GC invocations=230 (full 3):
 PSYoungGen      total 4096K, used 3680K [0x00000000d5580000, 0x00000000d5a80000, 0x0000000100000000)
  eden space 3584K, 100% used [0x00000000d5580000,0x00000000d5900000,0x00000000d5900000)
  from space 512K, 18% used [0x00000000d5a00000,0x00000000d5a18000,0x00000000d5a80000)
  to   space 512K, 0% used [0x00000000d5980000,0x00000000d5980000,0x00000000d5a00000)
 ParOldGen       total 118272K, used 117767K [0x0000000080000000, 0x0000000087380000, 0x00000000d5580000)
  object space 118272K, 99% used [0x0000000080000000,0x0000000087301ec0,0x0000000087380000)
 Metaspace       used 72675K, committed 74240K, reserved 1114112K
  class space    used 8259K, committed 8960K, reserved 1048576K
}
Event: 82.619 GC heap after
{Heap after GC invocations=230 (full 3):
 PSYoungGen      total 4096K, used 128K [0x00000000d5580000, 0x00000000d5a80000, 0x0000000100000000)
  eden space 3584K, 0% used [0x00000000d5580000,0x00000000d5580000,0x00000000d5900000)
  from space 512K, 25% used [0x00000000d5980000,0x00000000d59a0000,0x00000000d5a00000)
  to   space 512K, 0% used [0x00000000d5a00000,0x00000000d5a00000,0x00000000d5a80000)
 ParOldGen       total 118272K, used 117767K [0x0000000080000000, 0x0000000087380000, 0x00000000d5580000)
  object space 118272K, 99% used [0x0000000080000000,0x0000000087301ec0,0x0000000087380000)
 Metaspace       used 72675K, committed 74240K, reserved 1114112K
  class space    used 8259K, committed 8960K, reserved 1048576K
}
Event: 83.082 GC heap before
{Heap before GC invocations=231 (full 3):
 PSYoungGen      total 4096K, used 3712K [0x00000000d5580000, 0x00000000d5a80000, 0x0000000100000000)
  eden space 3584K, 100% used [0x00000000d5580000,0x00000000d5900000,0x00000000d5900000)
  from space 512K, 25% used [0x00000000d5980000,0x00000000d59a0000,0x00000000d5a00000)
  to   space 512K, 0% used [0x00000000d5a00000,0x00000000d5a00000,0x00000000d5a80000)
 ParOldGen       total 118272K, used 117767K [0x0000000080000000, 0x0000000087380000, 0x00000000d5580000)
  object space 118272K, 99% used [0x0000000080000000,0x0000000087301ec0,0x0000000087380000)
 Metaspace       used 72720K, committed 74368K, reserved 1179648K
  class space    used 8263K, committed 8960K, reserved 1048576K
}
Event: 83.084 GC heap after
{Heap after GC invocations=231 (full 3):
 PSYoungGen      total 4096K, used 240K [0x00000000d5580000, 0x00000000d5a80000, 0x0000000100000000)
  eden space 3584K, 0% used [0x00000000d5580000,0x00000000d5580000,0x00000000d5900000)
  from space 512K, 46% used [0x00000000d5a00000,0x00000000d5a3c010,0x00000000d5a80000)
  to   space 512K, 0% used [0x00000000d5980000,0x00000000d5980000,0x00000000d5a00000)
 ParOldGen       total 118272K, used 117783K [0x0000000080000000, 0x0000000087380000, 0x00000000d5580000)
  object space 118272K, 99% used [0x0000000080000000,0x0000000087305ec0,0x0000000087380000)
 Metaspace       used 72720K, committed 74368K, reserved 1179648K
  class space    used 8263K, committed 8960K, reserved 1048576K
}
Event: 85.479 GC heap before
{Heap before GC invocations=232 (full 3):
 PSYoungGen      total 4096K, used 3824K [0x00000000d5580000, 0x00000000d5a80000, 0x0000000100000000)
  eden space 3584K, 100% used [0x00000000d5580000,0x00000000d5900000,0x00000000d5900000)
  from space 512K, 46% used [0x00000000d5a00000,0x00000000d5a3c010,0x00000000d5a80000)
  to   space 512K, 0% used [0x00000000d5980000,0x00000000d5980000,0x00000000d5a00000)
 ParOldGen       total 118272K, used 117783K [0x0000000080000000, 0x0000000087380000, 0x00000000d5580000)
  object space 118272K, 99% used [0x0000000080000000,0x0000000087305ec0,0x0000000087380000)
 Metaspace       used 72872K, committed 74560K, reserved 1179648K
  class space    used 8283K, committed 9024K, reserved 1048576K
}
Event: 85.482 GC heap after
{Heap after GC invocations=232 (full 3):
 PSYoungGen      total 4096K, used 480K [0x00000000d5580000, 0x00000000d5b00000, 0x0000000100000000)
  eden space 3584K, 0% used [0x00000000d5580000,0x00000000d5580000,0x00000000d5900000)
  from space 512K, 93% used [0x00000000d5980000,0x00000000d59f8000,0x00000000d5a00000)
  to   space 1024K, 0% used [0x00000000d5a00000,0x00000000d5a00000,0x00000000d5b00000)
 ParOldGen       total 118272K, used 117887K [0x0000000080000000, 0x0000000087380000, 0x00000000d5580000)
  object space 118272K, 99% used [0x0000000080000000,0x000000008731fed0,0x0000000087380000)
 Metaspace       used 72872K, committed 74560K, reserved 1179648K
  class space    used 8283K, committed 9024K, reserved 1048576K
}
Event: 85.601 GC heap before
{Heap before GC invocations=233 (full 3):
 PSYoungGen      total 4096K, used 4064K [0x00000000d5580000, 0x00000000d5b00000, 0x0000000100000000)
  eden space 3584K, 100% used [0x00000000d5580000,0x00000000d5900000,0x00000000d5900000)
  from space 512K, 93% used [0x00000000d5980000,0x00000000d59f8000,0x00000000d5a00000)
  to   space 1024K, 0% used [0x00000000d5a00000,0x00000000d5a00000,0x00000000d5b00000)
 ParOldGen       total 118272K, used 117887K [0x0000000080000000, 0x0000000087380000, 0x00000000d5580000)
  object space 118272K, 99% used [0x0000000080000000,0x000000008731fed0,0x0000000087380000)
 Metaspace       used 72872K, committed 74560K, reserved 1179648K
  class space    used 8283K, committed 9024K, reserved 1048576K
}
Event: 85.603 GC heap after
{Heap after GC invocations=233 (full 3):
 PSYoungGen      total 4096K, used 352K [0x00000000d5580000, 0x00000000d5a80000, 0x0000000100000000)
  eden space 3584K, 0% used [0x00000000d5580000,0x00000000d5580000,0x00000000d5900000)
  from space 512K, 68% used [0x00000000d5a00000,0x00000000d5a58000,0x00000000d5a80000)
  to   space 512K, 0% used [0x00000000d5980000,0x00000000d5980000,0x00000000d5a00000)
 ParOldGen       total 118272K, used 118235K [0x0000000080000000, 0x0000000087380000, 0x00000000d5580000)
  object space 118272K, 99% used [0x0000000080000000,0x0000000087376ee0,0x0000000087380000)
 Metaspace       used 72872K, committed 74560K, reserved 1179648K
  class space    used 8283K, committed 9024K, reserved 1048576K
}
Event: 85.848 GC heap before
{Heap before GC invocations=234 (full 3):
 PSYoungGen      total 4096K, used 3913K [0x00000000d5580000, 0x00000000d5a80000, 0x0000000100000000)
  eden space 3584K, 99% used [0x00000000d5580000,0x00000000d58fa7f8,0x00000000d5900000)
  from space 512K, 68% used [0x00000000d5a00000,0x00000000d5a58000,0x00000000d5a80000)
  to   space 512K, 0% used [0x00000000d5980000,0x00000000d5980000,0x00000000d5a00000)
 ParOldGen       total 118272K, used 118235K [0x0000000080000000, 0x0000000087380000, 0x00000000d5580000)
  object space 118272K, 99% used [0x0000000080000000,0x0000000087376ee0,0x0000000087380000)
 Metaspace       used 73253K, committed 74880K, reserved 1179648K
  class space    used 8325K, committed 9024K, reserved 1048576K
}
Event: 85.849 GC heap after
{Heap after GC invocations=234 (full 3):
 PSYoungGen      total 4096K, used 376K [0x00000000d5580000, 0x00000000d5a80000, 0x0000000100000000)
  eden space 3584K, 0% used [0x00000000d5580000,0x00000000d5580000,0x00000000d5900000)
  from space 512K, 73% used [0x00000000d5980000,0x00000000d59de048,0x00000000d5a00000)
  to   space 512K, 0% used [0x00000000d5a00000,0x00000000d5a00000,0x00000000d5a80000)
 ParOldGen       total 118784K, used 118523K [0x0000000080000000, 0x0000000087400000, 0x00000000d5580000)
  object space 118784K, 99% used [0x0000000080000000,0x00000000873beee0,0x0000000087400000)
 Metaspace       used 73253K, committed 74880K, reserved 1179648K
  class space    used 8325K, committed 9024K, reserved 1048576K
}
Event: 333.493 GC heap before
{Heap before GC invocations=235 (full 3):
 PSYoungGen      total 4096K, used 3960K [0x00000000d5580000, 0x00000000d5a80000, 0x0000000100000000)
  eden space 3584K, 100% used [0x00000000d5580000,0x00000000d5900000,0x00000000d5900000)
  from space 512K, 73% used [0x00000000d5980000,0x00000000d59de048,0x00000000d5a00000)
  to   space 512K, 0% used [0x00000000d5a00000,0x00000000d5a00000,0x00000000d5a80000)
 ParOldGen       total 118784K, used 118523K [0x0000000080000000, 0x0000000087400000, 0x00000000d5580000)
  object space 118784K, 99% used [0x0000000080000000,0x00000000873beee0,0x0000000087400000)
 Metaspace       used 73694K, committed 75328K, reserved 1179648K
  class space    used 8376K, committed 9088K, reserved 1048576K
}
Event: 333.530 GC heap after
{Heap after GC invocations=235 (full 3):
 PSYoungGen      total 4096K, used 256K [0x00000000d5580000, 0x00000000d5a80000, 0x0000000100000000)
  eden space 3584K, 0% used [0x00000000d5580000,0x00000000d5580000,0x00000000d5900000)
  from space 512K, 50% used [0x00000000d5a00000,0x00000000d5a40000,0x00000000d5a80000)
  to   space 512K, 0% used [0x00000000d5980000,0x00000000d5980000,0x00000000d5a00000)
 ParOldGen       total 118784K, used 118715K [0x0000000080000000, 0x0000000087400000, 0x00000000d5580000)
  object space 118784K, 99% used [0x0000000080000000,0x00000000873eeee0,0x0000000087400000)
 Metaspace       used 73694K, committed 75328K, reserved 1179648K
  class space    used 8376K, committed 9088K, reserved 1048576K
}

